This file contains any messages produced by compilers while
running configure, to aid debugging if configure makes a mistake.

It was created by beebs configure 3.0, which was
generated by GNU Autoconf 2.69.  Invocation command line was

  $ ./configure 

## --------- ##
## Platform. ##
## --------- ##

hostname = elvenado
uname -m = x86_64
uname -r = 4.15.0-91-generic
uname -s = Linux
uname -v = #92-Ubuntu SMP Fri Feb 28 11:09:48 UTC 2020

/usr/bin/uname -p = unknown
/bin/uname -X     = unknown

/bin/arch              = unknown
/usr/bin/arch -k       = unknown
/usr/convex/getsysinfo = unknown
/usr/bin/hostinfo      = unknown
/bin/machine           = unknown
/usr/bin/oslevel       = unknown
/bin/universe          = unknown

PATH: /usr/local/sbin
PATH: /usr/local/bin
PATH: /usr/sbin
PATH: /usr/bin
PATH: /sbin
PATH: /bin
PATH: /usr/games
PATH: /usr/local/games


## ----------- ##
## Core tests. ##
## ----------- ##

configure:2587: checking build system type
configure:2601: result: x86_64-unknown-linux-gnu
configure:2621: checking host system type
configure:2634: result: x86_64-unknown-linux-gnu
configure:2654: checking target system type
configure:2667: result: x86_64-unknown-linux-gnu
configure:2710: checking for a BSD-compatible install
configure:2778: result: /usr/bin/install -c
configure:2789: checking whether build environment is sane
configure:2844: result: yes
configure:2995: checking for a thread-safe mkdir -p
configure:3034: result: /bin/mkdir -p
configure:3041: checking for gawk
configure:3057: found /usr/bin/gawk
configure:3068: result: gawk
configure:3079: checking whether make sets $(MAKE)
configure:3101: result: yes
configure:3130: checking whether make supports nested variables
configure:3147: result: yes
configure:3274: checking whether to enable maintainer-specific portions of Makefiles
configure:3283: result: no
configure:3307: checking whether make supports nested variables
configure:3324: result: yes
configure:5179: checking how to print strings
configure:5206: result: printf
configure:5239: checking for style of include used by make
configure:5267: result: GNU
configure:5338: checking for gcc
configure:5354: found /usr/bin/gcc
configure:5365: result: gcc
configure:5594: checking for C compiler version
configure:5603: gcc --version >&5
gcc (Ubuntu 7.5.0-3ubuntu1~18.04) 7.5.0
Copyright (C) 2017 Free Software Foundation, Inc.
This is free software; see the source for copying conditions.  There is NO
warranty; not even for MERCHANTABILITY or FITNESS FOR A PARTICULAR PURPOSE.

configure:5614: $? = 0
configure:5603: gcc -v >&5
Using built-in specs.
COLLECT_GCC=gcc
COLLECT_LTO_WRAPPER=/usr/lib/gcc/x86_64-linux-gnu/7/lto-wrapper
OFFLOAD_TARGET_NAMES=nvptx-none
OFFLOAD_TARGET_DEFAULT=1
Target: x86_64-linux-gnu
Configured with: ../src/configure -v --with-pkgversion='Ubuntu 7.5.0-3ubuntu1~18.04' --with-bugurl=file:///usr/share/doc/gcc-7/README.Bugs --enable-languages=c,ada,c++,go,brig,d,fortran,objc,obj-c++ --prefix=/usr --with-gcc-major-version-only --program-suffix=-7 --program-prefix=x86_64-linux-gnu- --enable-shared --enable-linker-build-id --libexecdir=/usr/lib --without-included-gettext --enable-threads=posix --libdir=/usr/lib --enable-nls --enable-bootstrap --enable-clocale=gnu --enable-libstdcxx-debug --enable-libstdcxx-time=yes --with-default-libstdcxx-abi=new --enable-gnu-unique-object --disable-vtable-verify --enable-libmpx --enable-plugin --enable-default-pie --with-system-zlib --with-target-system-zlib --enable-objc-gc=auto --enable-multiarch --disable-werror --with-arch-32=i686 --with-abi=m64 --with-multilib-list=m32,m64,mx32 --enable-multilib --with-tune=generic --enable-offload-targets=nvptx-none --without-cuda-driver --enable-checking=release --build=x86_64-linux-gnu --host=x86_64-linux-gnu --target=x86_64-linux-gnu
Thread model: posix
gcc version 7.5.0 (Ubuntu 7.5.0-3ubuntu1~18.04) 
configure:5614: $? = 0
configure:5603: gcc -V >&5
gcc: error: unrecognized command line option '-V'
gcc: fatal error: no input files
compilation terminated.
configure:5614: $? = 1
configure:5603: gcc -qversion >&5
gcc: error: unrecognized command line option '-qversion'; did you mean '--version'?
gcc: fatal error: no input files
compilation terminated.
configure:5614: $? = 1
configure:5634: checking whether the C compiler works
configure:5656: gcc   -std=gnu99         conftest.c  >&5
configure:5660: $? = 0
configure:5708: result: yes
configure:5711: checking for C compiler default output file name
configure:5713: result: a.out
configure:5719: checking for suffix of executables
configure:5726: gcc -o conftest   -std=gnu99         conftest.c  >&5
configure:5730: $? = 0
configure:5752: result: 
configure:5774: checking whether we are cross compiling
configure:5782: gcc -o conftest   -std=gnu99         conftest.c  >&5
configure:5786: $? = 0
configure:5793: ./conftest
configure:5797: $? = 0
configure:5812: result: no
configure:5817: checking for suffix of object files
configure:5839: gcc -c   -std=gnu99    conftest.c >&5
configure:5843: $? = 0
configure:5864: result: o
configure:5868: checking whether we are using the GNU C compiler
configure:5887: gcc -c   -std=gnu99    conftest.c >&5
configure:5887: $? = 0
configure:5896: result: yes
configure:5905: checking whether gcc accepts -g
configure:5925: gcc -c -g  conftest.c >&5
configure:5925: $? = 0
configure:5966: result: yes
configure:5983: checking for gcc option to accept ISO C89
configure:6046: gcc  -c   -std=gnu99    conftest.c >&5
configure:6046: $? = 0
configure:6059: result: none needed
configure:6084: checking whether gcc understands -c and -o together
configure:6106: gcc -c conftest.c -o conftest2.o
configure:6109: $? = 0
configure:6106: gcc -c conftest.c -o conftest2.o
configure:6109: $? = 0
configure:6121: result: yes
configure:6140: checking dependency style of gcc
configure:6251: result: gcc3
configure:6266: checking for a sed that does not truncate output
configure:6330: result: /bin/sed
configure:6348: checking for grep that handles long lines and -e
configure:6406: result: /bin/grep
configure:6411: checking for egrep
configure:6473: result: /bin/grep -E
configure:6478: checking for fgrep
configure:6540: result: /bin/grep -F
configure:6575: checking for ld used by gcc
configure:6642: result: /usr/bin/ld
configure:6649: checking if the linker (/usr/bin/ld) is GNU ld
configure:6664: result: yes
configure:6676: checking for BSD- or MS-compatible name lister (nm)
configure:6730: result: /usr/bin/nm -B
configure:6860: checking the name lister (/usr/bin/nm -B) interface
configure:6867: gcc -c   -std=gnu99    conftest.c >&5
configure:6870: /usr/bin/nm -B "conftest.o"
configure:6873: output
0000000000000000 B some_variable
configure:6880: result: BSD nm
configure:6883: checking whether ln -s works
configure:6887: result: yes
configure:6895: checking the maximum length of command line arguments
configure:7026: result: 1572864
configure:7074: checking how to convert x86_64-unknown-linux-gnu file names to x86_64-unknown-linux-gnu format
configure:7114: result: func_convert_file_noop
configure:7121: checking how to convert x86_64-unknown-linux-gnu file names to toolchain format
configure:7141: result: func_convert_file_noop
configure:7148: checking for /usr/bin/ld option to reload object files
configure:7155: result: -r
configure:7229: checking for objdump
configure:7245: found /usr/bin/objdump
configure:7256: result: objdump
configure:7288: checking how to recognize dependent libraries
configure:7488: result: pass_all
configure:7573: checking for dlltool
configure:7603: result: no
configure:7633: checking how to associate runtime and link libraries
configure:7660: result: printf %s\n
configure:7721: checking for ar
configure:7737: found /usr/bin/ar
configure:7748: result: ar
configure:7785: checking for archiver @FILE support
configure:7802: gcc -c   -std=gnu99    conftest.c >&5
configure:7802: $? = 0
configure:7805: ar cru libconftest.a @conftest.lst >&5
ar: `u' modifier ignored since `D' is the default (see `U')
configure:7808: $? = 0
configure:7813: ar cru libconftest.a @conftest.lst >&5
ar: `u' modifier ignored since `D' is the default (see `U')
ar: conftest.o: No such file or directory
configure:7816: $? = 1
configure:7828: result: @
configure:7886: checking for strip
configure:7902: found /usr/bin/strip
configure:7913: result: strip
configure:7985: checking for ranlib
configure:8001: found /usr/bin/ranlib
configure:8012: result: ranlib
configure:8114: checking command to parse /usr/bin/nm -B output from gcc object
configure:8267: gcc -c   -std=gnu99    conftest.c >&5
configure:8270: $? = 0
configure:8274: /usr/bin/nm -B conftest.o \| sed -n -e 's/^.*[ ]\([ABCDGIRSTW][ABCDGIRSTW]*\)[ ][ ]*\([_A-Za-z][_A-Za-z0-9]*\)$/\1 \2 \2/p' | sed '/ __gnu_lto/d' \> conftest.nm
configure:8277: $? = 0
configure:8343: gcc -o conftest   -std=gnu99         conftest.c conftstm.o >&5
configure:8346: $? = 0
configure:8384: result: ok
configure:8431: checking for sysroot
configure:8461: result: no
configure:8468: checking for a working dd
configure:8506: result: /bin/dd
configure:8510: checking how to truncate binary pipes
configure:8525: result: /bin/dd bs=4096 count=1
configure:8661: gcc -c   -std=gnu99    conftest.c >&5
configure:8664: $? = 0
configure:8854: checking for mt
configure:8870: found /bin/mt
configure:8881: result: mt
configure:8904: checking if mt is a manifest tool
configure:8910: mt '-?'
configure:8918: result: no
configure:9595: checking how to run the C preprocessor
configure:9626: gcc -E  conftest.c
configure:9626: $? = 0
configure:9640: gcc -E  conftest.c
conftest.c:12:10: fatal error: ac_nonexistent.h: No such file or directory
 #include <ac_nonexistent.h>
          ^~~~~~~~~~~~~~~~~~
compilation terminated.
configure:9640: $? = 1
configure: failed program was:
| /* confdefs.h */
| #define PACKAGE_NAME "beebs"
| #define PACKAGE_TARNAME "beebs"
| #define PACKAGE_VERSION "3.0"
| #define PACKAGE_STRING "beebs 3.0"
| #define PACKAGE_BUGREPORT "beebs@mageec.org"
| #define PACKAGE_URL ""
| #define PACKAGE "beebs"
| #define VERSION "3.0"
| #define HAVE_CHIPSUPPORT_H 1
| /* end confdefs.h.  */
| #include <ac_nonexistent.h>
configure:9665: result: gcc -E
configure:9685: gcc -E  conftest.c
configure:9685: $? = 0
configure:9699: gcc -E  conftest.c
conftest.c:12:10: fatal error: ac_nonexistent.h: No such file or directory
 #include <ac_nonexistent.h>
          ^~~~~~~~~~~~~~~~~~
compilation terminated.
configure:9699: $? = 1
configure: failed program was:
| /* confdefs.h */
| #define PACKAGE_NAME "beebs"
| #define PACKAGE_TARNAME "beebs"
| #define PACKAGE_VERSION "3.0"
| #define PACKAGE_STRING "beebs 3.0"
| #define PACKAGE_BUGREPORT "beebs@mageec.org"
| #define PACKAGE_URL ""
| #define PACKAGE "beebs"
| #define VERSION "3.0"
| #define HAVE_CHIPSUPPORT_H 1
| /* end confdefs.h.  */
| #include <ac_nonexistent.h>
configure:9728: checking for ANSI C header files
configure:9748: gcc -c   -std=gnu99    conftest.c >&5
configure:9748: $? = 0
configure:9821: gcc -o conftest   -std=gnu99         conftest.c  >&5
configure:9821: $? = 0
configure:9821: ./conftest
configure:9821: $? = 0
configure:9832: result: yes
configure:9845: checking for sys/types.h
configure:9845: gcc -c   -std=gnu99    conftest.c >&5
configure:9845: $? = 0
configure:9845: result: yes
configure:9845: checking for sys/stat.h
configure:9845: gcc -c   -std=gnu99    conftest.c >&5
configure:9845: $? = 0
configure:9845: result: yes
configure:9845: checking for stdlib.h
configure:9845: gcc -c   -std=gnu99    conftest.c >&5
configure:9845: $? = 0
configure:9845: result: yes
configure:9845: checking for string.h
configure:9845: gcc -c   -std=gnu99    conftest.c >&5
configure:9845: $? = 0
configure:9845: result: yes
configure:9845: checking for memory.h
configure:9845: gcc -c   -std=gnu99    conftest.c >&5
configure:9845: $? = 0
configure:9845: result: yes
configure:9845: checking for strings.h
configure:9845: gcc -c   -std=gnu99    conftest.c >&5
configure:9845: $? = 0
configure:9845: result: yes
configure:9845: checking for inttypes.h
configure:9845: gcc -c   -std=gnu99    conftest.c >&5
configure:9845: $? = 0
configure:9845: result: yes
configure:9845: checking for stdint.h
configure:9845: gcc -c   -std=gnu99    conftest.c >&5
configure:9845: $? = 0
configure:9845: result: yes
configure:9845: checking for unistd.h
configure:9845: gcc -c   -std=gnu99    conftest.c >&5
configure:9845: $? = 0
configure:9845: result: yes
configure:9859: checking for dlfcn.h
configure:9859: gcc -c   -std=gnu99    conftest.c >&5
configure:9859: $? = 0
configure:9859: result: yes
configure:10115: checking for objdir
configure:10130: result: .libs
configure:10394: checking if gcc supports -fno-rtti -fno-exceptions
configure:10412: gcc -c   -std=gnu99    -fno-rtti -fno-exceptions conftest.c >&5
cc1: warning: command line option '-fno-rtti' is valid for C++/ObjC++ but not for C
configure:10416: $? = 0
configure:10429: result: no
configure:10787: checking for gcc option to produce PIC
configure:10794: result: -fPIC -DPIC
configure:10802: checking if gcc PIC flag -fPIC -DPIC works
configure:10820: gcc -c   -std=gnu99    -fPIC -DPIC -DPIC conftest.c >&5
configure:10824: $? = 0
configure:10837: result: yes
configure:10866: checking if gcc static flag -static works
configure:10894: result: yes
configure:10909: checking if gcc supports -c -o file.o
configure:10930: gcc -c   -std=gnu99    -o out/conftest2.o conftest.c >&5
configure:10934: $? = 0
configure:10956: result: yes
configure:10964: checking if gcc supports -c -o file.o
configure:11011: result: yes
configure:11044: checking whether the gcc linker (/usr/bin/ld -m elf_x86_64) supports shared libraries
configure:12303: result: yes
configure:12340: checking whether -lc should be explicitly linked in
configure:12348: gcc -c   -std=gnu99    conftest.c >&5
configure:12351: $? = 0
configure:12366: gcc -shared  -fPIC -DPIC conftest.o  -v -Wl,-soname -Wl,conftest -o conftest 2\>\&1 \| /bin/grep  -lc  \>/dev/null 2\>\&1
configure:12369: $? = 0
configure:12383: result: no
configure:12543: checking dynamic linker characteristics
configure:13124: gcc -o conftest   -std=gnu99         -Wl,-rpath -Wl,/foo conftest.c  >&5
configure:13124: $? = 0
configure:13364: result: GNU/Linux ld.so
configure:13486: checking how to hardcode library paths into programs
configure:13511: result: immediate
configure:14059: checking whether stripping libraries is possible
configure:14064: result: yes
configure:14099: checking if libtool supports shared libraries
configure:14101: result: yes
configure:14104: checking whether to build shared libraries
configure:14129: result: yes
configure:14132: checking whether to build static libraries
configure:14136: result: yes
configure:14223: checking for gcc
configure:14250: result: gcc
configure:14479: checking for C compiler version
configure:14488: gcc --version >&5
gcc (Ubuntu 7.5.0-3ubuntu1~18.04) 7.5.0
Copyright (C) 2017 Free Software Foundation, Inc.
This is free software; see the source for copying conditions.  There is NO
warranty; not even for MERCHANTABILITY or FITNESS FOR A PARTICULAR PURPOSE.

configure:14499: $? = 0
configure:14488: gcc -v >&5
Using built-in specs.
COLLECT_GCC=gcc
COLLECT_LTO_WRAPPER=/usr/lib/gcc/x86_64-linux-gnu/7/lto-wrapper
OFFLOAD_TARGET_NAMES=nvptx-none
OFFLOAD_TARGET_DEFAULT=1
Target: x86_64-linux-gnu
Configured with: ../src/configure -v --with-pkgversion='Ubuntu 7.5.0-3ubuntu1~18.04' --with-bugurl=file:///usr/share/doc/gcc-7/README.Bugs --enable-languages=c,ada,c++,go,brig,d,fortran,objc,obj-c++ --prefix=/usr --with-gcc-major-version-only --program-suffix=-7 --program-prefix=x86_64-linux-gnu- --enable-shared --enable-linker-build-id --libexecdir=/usr/lib --without-included-gettext --enable-threads=posix --libdir=/usr/lib --enable-nls --enable-bootstrap --enable-clocale=gnu --enable-libstdcxx-debug --enable-libstdcxx-time=yes --with-default-libstdcxx-abi=new --enable-gnu-unique-object --disable-vtable-verify --enable-libmpx --enable-plugin --enable-default-pie --with-system-zlib --with-target-system-zlib --enable-objc-gc=auto --enable-multiarch --disable-werror --with-arch-32=i686 --with-abi=m64 --with-multilib-list=m32,m64,mx32 --enable-multilib --with-tune=generic --enable-offload-targets=nvptx-none --without-cuda-driver --enable-checking=release --build=x86_64-linux-gnu --host=x86_64-linux-gnu --target=x86_64-linux-gnu
Thread model: posix
gcc version 7.5.0 (Ubuntu 7.5.0-3ubuntu1~18.04) 
configure:14499: $? = 0
configure:14488: gcc -V >&5
gcc: error: unrecognized command line option '-V'
gcc: fatal error: no input files
compilation terminated.
configure:14499: $? = 1
configure:14488: gcc -qversion >&5
gcc: error: unrecognized command line option '-qversion'; did you mean '--version'?
gcc: fatal error: no input files
compilation terminated.
configure:14499: $? = 1
configure:14503: checking whether we are using the GNU C compiler
configure:14531: result: yes
configure:14540: checking whether gcc accepts -g
configure:14601: result: yes
configure:14618: checking for gcc option to accept ISO C89
configure:14694: result: none needed
configure:14719: checking whether gcc understands -c and -o together
configure:14756: result: yes
configure:14775: checking dependency style of gcc
configure:14886: result: gcc3
configure:14910: checking dependency style of gcc
configure:15019: result: gcc3
configure:15034: checking for gcc option to accept ISO C99
configure:15183: gcc  -c   -std=gnu99    conftest.c >&5
configure:15183: $? = 0
configure:15196: result: none needed
configure:15384: checking that generated files are newer than configure
configure:15390: result: done
configure:15761: creating ./config.status

## ---------------------- ##
## Running config.status. ##
## ---------------------- ##

This file was extended by beebs config.status 3.0, which was
generated by GNU Autoconf 2.69.  Invocation command line was

  CONFIG_FILES    = 
  CONFIG_HEADERS  = 
  CONFIG_LINKS    = 
  CONFIG_COMMANDS = 
  $ ./config.status 

on elvenado

config.status:1384: creating Makefile
config.status:1384: creating doc/Makefile
config.status:1384: creating src/Makefile
config.status:1384: creating src/aha-compress/Makefile
config.status:1384: creating src/aha-mont64/Makefile
config.status:1384: creating src/bs/Makefile
config.status:1384: creating src/bubblesort/Makefile
config.status:1384: creating src/cnt/Makefile
config.status:1384: creating src/compress/Makefile
config.status:1384: creating src/cover/Makefile
config.status:1384: creating src/crc/Makefile
config.status:1384: creating src/crc32/Makefile
config.status:1384: creating src/ctl/Makefile
config.status:1384: creating src/ctl-stack/Makefile
config.status:1384: creating src/ctl-string/Makefile
config.status:1384: creating src/ctl-vector/Makefile
config.status:1384: creating src/cubic/Makefile
config.status:1384: creating src/dijkstra/Makefile
config.status:1384: creating src/dtoa/Makefile
config.status:1384: creating src/duff/Makefile
config.status:1384: creating src/edn/Makefile
config.status:1384: creating src/expint/Makefile
config.status:1384: creating src/fac/Makefile
config.status:1384: creating src/fasta/Makefile
config.status:1384: creating src/fdct/Makefile
config.status:1384: creating src/fibcall/Makefile
config.status:1384: creating src/fir/Makefile
config.status:1384: creating src/frac/Makefile
config.status:1384: creating src/huffbench/Makefile
config.status:1384: creating src/insertsort/Makefile
config.status:1384: creating src/janne_complex/Makefile
config.status:1384: creating src/jfdctint/Makefile
config.status:1384: creating src/lcdnum/Makefile
config.status:1384: creating src/levenshtein/Makefile
config.status:1384: creating src/ludcmp/Makefile
config.status:1384: creating src/matmult/Makefile
config.status:1384: creating src/matmult-float/Makefile
config.status:1384: creating src/matmult-int/Makefile
config.status:1384: creating src/mergesort/Makefile
config.status:1384: creating src/miniz/Makefile
config.status:1384: creating src/minver/Makefile
config.status:1384: creating src/nbody/Makefile
config.status:1384: creating src/ndes/Makefile
config.status:1384: creating src/nettle-aes/Makefile
config.status:1384: creating src/nettle-arcfour/Makefile
config.status:1384: creating src/nettle-cast128/Makefile
config.status:1384: creating src/nettle-des/Makefile
config.status:1384: creating src/nettle-md5/Makefile
config.status:1384: creating src/nettle-sha256/Makefile
config.status:1384: creating src/newlib-exp/Makefile
config.status:1384: creating src/newlib-log/Makefile
config.status:1384: creating src/newlib-mod/Makefile
config.status:1384: creating src/newlib-sqrt/Makefile
config.status:1384: creating src/ns/Makefile
config.status:1384: creating src/nsichneu/Makefile
config.status:1384: creating src/picojpeg/Makefile
config.status:1384: creating src/prime/Makefile
config.status:1384: creating src/qrduino/Makefile
config.status:1384: creating src/qsort/Makefile
config.status:1384: creating src/qurt/Makefile
config.status:1384: creating src/recursion/Makefile
config.status:1384: creating src/rijndael/Makefile
config.status:1384: creating src/select/Makefile
config.status:1384: creating src/sglib-arraybinsearch/Makefile
config.status:1384: creating src/sglib-arrayheapsort/Makefile
config.status:1384: creating src/sglib-arrayquicksort/Makefile
config.status:1384: creating src/sglib-arraysort/Makefile
config.status:1384: creating src/sglib-dllist/Makefile
config.status:1384: creating src/sglib-hashtable/Makefile
config.status:1384: creating src/sglib-listinsertsort/Makefile
config.status:1384: creating src/sglib-listsort/Makefile
config.status:1384: creating src/sglib-queue/Makefile
config.status:1384: creating src/sglib-rbtree/Makefile
config.status:1384: creating src/slre/Makefile
config.status:1384: creating src/sqrt/Makefile
config.status:1384: creating src/st/Makefile
config.status:1384: creating src/statemate/Makefile
config.status:1384: creating src/stb_perlin/Makefile
config.status:1384: creating src/stringsearch1/Makefile
config.status:1384: creating src/strstr/Makefile
config.status:1384: creating src/tarai/Makefile
config.status:1384: creating src/template/Makefile
config.status:1384: creating src/trio/Makefile
config.status:1384: creating src/trio-snprintf/Makefile
config.status:1384: creating src/trio-sscanf/Makefile
config.status:1384: creating src/ud/Makefile
config.status:1384: creating src/whetstone/Makefile
config.status:1384: creating src/wikisort/Makefile
config.status:1384: creating support/Makefile
config.status:1384: creating testsuite/Makefile
config.status:1384: creating testsuite/beebs.test/Makefile
config.status:1384: creating testsuite/config/Makefile
config.status:1384: creating testsuite/lib/Makefile
config.status:1384: creating config.h
config.status:1613: executing depfiles commands
config.status:1613: executing libtool commands

## ---------------- ##
## Cache variables. ##
## ---------------- ##

ac_cv_build=x86_64-unknown-linux-gnu
ac_cv_c_compiler_gnu=yes
ac_cv_env_CCASFLAGS_set=
ac_cv_env_CCASFLAGS_value=
ac_cv_env_CCAS_set=
ac_cv_env_CCAS_value=
ac_cv_env_CC_set=
ac_cv_env_CC_value=
ac_cv_env_CFLAGS_set=
ac_cv_env_CFLAGS_value=
ac_cv_env_CPPFLAGS_set=
ac_cv_env_CPPFLAGS_value=
ac_cv_env_CPP_set=
ac_cv_env_CPP_value=
ac_cv_env_LDFLAGS_set=
ac_cv_env_LDFLAGS_value=
ac_cv_env_LIBS_set=
ac_cv_env_LIBS_value=
ac_cv_env_LT_SYS_LIBRARY_PATH_set=
ac_cv_env_LT_SYS_LIBRARY_PATH_value=
ac_cv_env_build_alias_set=
ac_cv_env_build_alias_value=
ac_cv_env_host_alias_set=
ac_cv_env_host_alias_value=
ac_cv_env_target_alias_set=
ac_cv_env_target_alias_value=
ac_cv_header_dlfcn_h=yes
ac_cv_header_inttypes_h=yes
ac_cv_header_memory_h=yes
ac_cv_header_stdc=yes
ac_cv_header_stdint_h=yes
ac_cv_header_stdlib_h=yes
ac_cv_header_string_h=yes
ac_cv_header_strings_h=yes
ac_cv_header_sys_stat_h=yes
ac_cv_header_sys_types_h=yes
ac_cv_header_unistd_h=yes
ac_cv_host=x86_64-unknown-linux-gnu
ac_cv_objext=o
ac_cv_path_EGREP='/bin/grep -E'
ac_cv_path_FGREP='/bin/grep -F'
ac_cv_path_GREP=/bin/grep
ac_cv_path_SED=/bin/sed
ac_cv_path_install='/usr/bin/install -c'
ac_cv_path_lt_DD=/bin/dd
ac_cv_path_mkdir=/bin/mkdir
ac_cv_prog_AWK=gawk
ac_cv_prog_CPP='gcc -E'
ac_cv_prog_ac_ct_AR=ar
ac_cv_prog_ac_ct_CC=gcc
ac_cv_prog_ac_ct_MANIFEST_TOOL=mt
ac_cv_prog_ac_ct_OBJDUMP=objdump
ac_cv_prog_ac_ct_RANLIB=ranlib
ac_cv_prog_ac_ct_STRIP=strip
ac_cv_prog_cc_c89=
ac_cv_prog_cc_c99=
ac_cv_prog_cc_g=yes
ac_cv_prog_make_make_set=yes
ac_cv_target=x86_64-unknown-linux-gnu
am_cv_CCAS_dependencies_compiler_type=gcc3
am_cv_CC_dependencies_compiler_type=gcc3
am_cv_make_support_nested_variables=yes
am_cv_prog_cc_c_o=yes
lt_cv_ar_at_file=@
lt_cv_archive_cmds_need_lc=no
lt_cv_deplibs_check_method=pass_all
lt_cv_file_magic_cmd='$MAGIC_CMD'
lt_cv_file_magic_test_file=
lt_cv_ld_reload_flag=-r
lt_cv_nm_interface='BSD nm'
lt_cv_objdir=.libs
lt_cv_path_LD=/usr/bin/ld
lt_cv_path_NM='/usr/bin/nm -B'
lt_cv_path_mainfest_tool=no
lt_cv_prog_compiler_c_o=yes
lt_cv_prog_compiler_pic='-fPIC -DPIC'
lt_cv_prog_compiler_pic_works=yes
lt_cv_prog_compiler_rtti_exceptions=no
lt_cv_prog_compiler_static_works=yes
lt_cv_prog_gnu_ld=yes
lt_cv_sharedlib_from_linklib_cmd='printf %s\n'
lt_cv_shlibpath_overrides_runpath=yes
lt_cv_sys_global_symbol_pipe='sed -n -e '\''s/^.*[	 ]\([ABCDGIRSTW][ABCDGIRSTW]*\)[	 ][	 ]*\([_A-Za-z][_A-Za-z0-9]*\)$/\1 \2 \2/p'\'' | sed '\''/ __gnu_lto/d'\'''
lt_cv_sys_global_symbol_to_c_name_address='sed -n -e '\''s/^: \(.*\) .*$/  {"\1", (void *) 0},/p'\'' -e '\''s/^[ABCDGIRSTW][ABCDGIRSTW]* .* \(.*\)$/  {"\1", (void *) \&\1},/p'\'''
lt_cv_sys_global_symbol_to_c_name_address_lib_prefix='sed -n -e '\''s/^: \(.*\) .*$/  {"\1", (void *) 0},/p'\'' -e '\''s/^[ABCDGIRSTW][ABCDGIRSTW]* .* \(lib.*\)$/  {"\1", (void *) \&\1},/p'\'' -e '\''s/^[ABCDGIRSTW][ABCDGIRSTW]* .* \(.*\)$/  {"lib\1", (void *) \&\1},/p'\'''
lt_cv_sys_global_symbol_to_cdecl='sed -n -e '\''s/^T .* \(.*\)$/extern int \1();/p'\'' -e '\''s/^[ABCDGIRSTW][ABCDGIRSTW]* .* \(.*\)$/extern char \1;/p'\'''
lt_cv_sys_global_symbol_to_import=
lt_cv_sys_max_cmd_len=1572864
lt_cv_to_host_file_cmd=func_convert_file_noop
lt_cv_to_tool_file_cmd=func_convert_file_noop
lt_cv_truncate_bin='/bin/dd bs=4096 count=1'

## ----------------- ##
## Output variables. ##
## ----------------- ##

ACLOCAL='${SHELL} /home/dm282/beebs/missing aclocal-1.15'
AMDEPBACKSLASH='\'
AMDEP_FALSE='#'
AMDEP_TRUE=''
AMTAR='$${TAR-tar}'
AM_BACKSLASH='\'
AM_DEFAULT_V='$(AM_DEFAULT_VERBOSITY)'
AM_DEFAULT_VERBOSITY='0'
AM_V='$(V)'
AR='ar'
ARCH='x86_64'
ARC_FALSE=''
ARC_TRUE='#'
AUTOCONF='${SHELL} /home/dm282/beebs/missing autoconf'
AUTOHEADER='${SHELL} /home/dm282/beebs/missing autoheader'
AUTOMAKE='${SHELL} /home/dm282/beebs/missing automake-1.15'
AWK='gawk'
BENCHMARKS='aha-compress                  aha-mont64                    bs                            bubblesort                    cnt                           compress                      cover                         crc                           crc32                         ctl                           ctl-stack                     ctl-string                    ctl-vector                    cubic                         dijkstra                      dtoa                          duff                          edn                           expint                        fac                           fasta                         fdct                          fibcall                       fir                           frac                          huffbench                     insertsort                    janne_complex                 jfdctint                      lcdnum                        levenshtein                   ludcmp                        matmult                       matmult-float                 matmult-int                   mergesort                     miniz                         minver                        nbody                         ndes                          nettle-aes                    nettle-arcfour                nettle-cast128                nettle-des                    nettle-md5                    nettle-sha256                 newlib-exp                    newlib-log                    newlib-mod                    newlib-sqrt                   ns                            nsichneu                      picojpeg                      prime                         qrduino                       qsort                         qurt                          recursion                     rijndael                      select                        sglib-arraybinsearch          sglib-arrayheapsort           sglib-arrayquicksort          sglib-arraysort               sglib-dllist                  sglib-hashtable               sglib-listinsertsort          sglib-listsort                sglib-queue                   sglib-rbtree                  slre                          sqrt                          st                            statemate                     stb_perlin                    stringsearch1                 strstr                        tarai                         template                      trio                          trio-snprintf                 trio-sscanf                   ud                            whetstone                     wikisort'
BOARD='none'
CALIBRATION_FALSE=''
CALIBRATION_TRUE='#'
CC='gcc'
CCAS='gcc'
CCASDEPMODE='depmode=gcc3'
CCASFLAGS='  -std=gnu99  '
CCDEPMODE='depmode=gcc3'
CFLAGS='  -std=gnu99  '
CHIP='generic'
CHIPSUPPORT_C_FALSE='#'
CHIPSUPPORT_C_TRUE=''
CPP='gcc -E'
CPPFLAGS=''
CYGPATH_W='echo'
DEFS='-DHAVE_CONFIG_H'
DEJAGNU='$(top_srcdir)/testsuite/beebs-conf.exp'
DEPDIR='.deps'
DLLTOOL='false'
DSYMUTIL=''
DUMMY_COMPILERRT=''
DUMMY_CRT0=''
DUMMY_LIBC=''
DUMMY_LIBGCC=''
DUMMY_LIBM='-lm'
DUMPBIN=''
ECHO_C=''
ECHO_N='-n'
ECHO_T=''
EGREP='/bin/grep -E'
ENABLED_BENCHMARK_AHA_COMPRESS_FALSE='#'
ENABLED_BENCHMARK_AHA_COMPRESS_TRUE=''
ENABLED_BENCHMARK_AHA_MONT64_FALSE='#'
ENABLED_BENCHMARK_AHA_MONT64_TRUE=''
ENABLED_BENCHMARK_BS_FALSE='#'
ENABLED_BENCHMARK_BS_TRUE=''
ENABLED_BENCHMARK_BUBBLESORT_FALSE='#'
ENABLED_BENCHMARK_BUBBLESORT_TRUE=''
ENABLED_BENCHMARK_CNT_FALSE='#'
ENABLED_BENCHMARK_CNT_TRUE=''
ENABLED_BENCHMARK_COMPRESS_FALSE='#'
ENABLED_BENCHMARK_COMPRESS_TRUE=''
ENABLED_BENCHMARK_COVER_FALSE='#'
ENABLED_BENCHMARK_COVER_TRUE=''
ENABLED_BENCHMARK_CRC32_FALSE='#'
ENABLED_BENCHMARK_CRC32_TRUE=''
ENABLED_BENCHMARK_CRC_FALSE='#'
ENABLED_BENCHMARK_CRC_TRUE=''
ENABLED_BENCHMARK_CTL_STACK_FALSE='#'
ENABLED_BENCHMARK_CTL_STACK_TRUE=''
ENABLED_BENCHMARK_CTL_STRING_FALSE='#'
ENABLED_BENCHMARK_CTL_STRING_TRUE=''
ENABLED_BENCHMARK_CTL_VECTOR_FALSE='#'
ENABLED_BENCHMARK_CTL_VECTOR_TRUE=''
ENABLED_BENCHMARK_CUBIC_FALSE='#'
ENABLED_BENCHMARK_CUBIC_TRUE=''
ENABLED_BENCHMARK_DIJKSTRA_FALSE='#'
ENABLED_BENCHMARK_DIJKSTRA_TRUE=''
ENABLED_BENCHMARK_DTOA_FALSE='#'
ENABLED_BENCHMARK_DTOA_TRUE=''
ENABLED_BENCHMARK_DUFF_FALSE='#'
ENABLED_BENCHMARK_DUFF_TRUE=''
ENABLED_BENCHMARK_EDN_FALSE='#'
ENABLED_BENCHMARK_EDN_TRUE=''
ENABLED_BENCHMARK_EXPINT_FALSE='#'
ENABLED_BENCHMARK_EXPINT_TRUE=''
ENABLED_BENCHMARK_FAC_FALSE='#'
ENABLED_BENCHMARK_FAC_TRUE=''
ENABLED_BENCHMARK_FASTA_FALSE='#'
ENABLED_BENCHMARK_FASTA_TRUE=''
ENABLED_BENCHMARK_FDCT_FALSE='#'
ENABLED_BENCHMARK_FDCT_TRUE=''
ENABLED_BENCHMARK_FIBCALL_FALSE='#'
ENABLED_BENCHMARK_FIBCALL_TRUE=''
ENABLED_BENCHMARK_FIR_FALSE='#'
ENABLED_BENCHMARK_FIR_TRUE=''
ENABLED_BENCHMARK_FRAC_FALSE='#'
ENABLED_BENCHMARK_FRAC_TRUE=''
ENABLED_BENCHMARK_HUFFBENCH_FALSE='#'
ENABLED_BENCHMARK_HUFFBENCH_TRUE=''
ENABLED_BENCHMARK_INSERTSORT_FALSE='#'
ENABLED_BENCHMARK_INSERTSORT_TRUE=''
ENABLED_BENCHMARK_JANNE_COMPLEX_FALSE='#'
ENABLED_BENCHMARK_JANNE_COMPLEX_TRUE=''
ENABLED_BENCHMARK_JFDCTINT_FALSE='#'
ENABLED_BENCHMARK_JFDCTINT_TRUE=''
ENABLED_BENCHMARK_LCDNUM_FALSE='#'
ENABLED_BENCHMARK_LCDNUM_TRUE=''
ENABLED_BENCHMARK_LEVENSHTEIN_FALSE='#'
ENABLED_BENCHMARK_LEVENSHTEIN_TRUE=''
ENABLED_BENCHMARK_LUDCMP_FALSE='#'
ENABLED_BENCHMARK_LUDCMP_TRUE=''
ENABLED_BENCHMARK_MATMULT_FLOAT_FALSE='#'
ENABLED_BENCHMARK_MATMULT_FLOAT_TRUE=''
ENABLED_BENCHMARK_MATMULT_INT_FALSE='#'
ENABLED_BENCHMARK_MATMULT_INT_TRUE=''
ENABLED_BENCHMARK_MERGESORT_FALSE='#'
ENABLED_BENCHMARK_MERGESORT_TRUE=''
ENABLED_BENCHMARK_MINIZ_FALSE='#'
ENABLED_BENCHMARK_MINIZ_TRUE=''
ENABLED_BENCHMARK_MINVER_FALSE='#'
ENABLED_BENCHMARK_MINVER_TRUE=''
ENABLED_BENCHMARK_NBODY_FALSE='#'
ENABLED_BENCHMARK_NBODY_TRUE=''
ENABLED_BENCHMARK_NDES_FALSE='#'
ENABLED_BENCHMARK_NDES_TRUE=''
ENABLED_BENCHMARK_NETTLE_AES_FALSE='#'
ENABLED_BENCHMARK_NETTLE_AES_TRUE=''
ENABLED_BENCHMARK_NETTLE_ARCFOUR_FALSE='#'
ENABLED_BENCHMARK_NETTLE_ARCFOUR_TRUE=''
ENABLED_BENCHMARK_NETTLE_CAST128_FALSE='#'
ENABLED_BENCHMARK_NETTLE_CAST128_TRUE=''
ENABLED_BENCHMARK_NETTLE_DES_FALSE='#'
ENABLED_BENCHMARK_NETTLE_DES_TRUE=''
ENABLED_BENCHMARK_NETTLE_MD5_FALSE='#'
ENABLED_BENCHMARK_NETTLE_MD5_TRUE=''
ENABLED_BENCHMARK_NETTLE_SHA256_FALSE='#'
ENABLED_BENCHMARK_NETTLE_SHA256_TRUE=''
ENABLED_BENCHMARK_NEWLIB_EXP_FALSE='#'
ENABLED_BENCHMARK_NEWLIB_EXP_TRUE=''
ENABLED_BENCHMARK_NEWLIB_LOG_FALSE='#'
ENABLED_BENCHMARK_NEWLIB_LOG_TRUE=''
ENABLED_BENCHMARK_NEWLIB_MOD_FALSE='#'
ENABLED_BENCHMARK_NEWLIB_MOD_TRUE=''
ENABLED_BENCHMARK_NEWLIB_SQRT_FALSE='#'
ENABLED_BENCHMARK_NEWLIB_SQRT_TRUE=''
ENABLED_BENCHMARK_NSICHNEU_FALSE='#'
ENABLED_BENCHMARK_NSICHNEU_TRUE=''
ENABLED_BENCHMARK_NS_FALSE='#'
ENABLED_BENCHMARK_NS_TRUE=''
ENABLED_BENCHMARK_PICOJPEG_FALSE='#'
ENABLED_BENCHMARK_PICOJPEG_TRUE=''
ENABLED_BENCHMARK_PRIME_FALSE='#'
ENABLED_BENCHMARK_PRIME_TRUE=''
ENABLED_BENCHMARK_QRDUINO_FALSE='#'
ENABLED_BENCHMARK_QRDUINO_TRUE=''
ENABLED_BENCHMARK_QSORT_FALSE='#'
ENABLED_BENCHMARK_QSORT_TRUE=''
ENABLED_BENCHMARK_QURT_FALSE='#'
ENABLED_BENCHMARK_QURT_TRUE=''
ENABLED_BENCHMARK_RECURSION_FALSE='#'
ENABLED_BENCHMARK_RECURSION_TRUE=''
ENABLED_BENCHMARK_RIJNDAEL_FALSE='#'
ENABLED_BENCHMARK_RIJNDAEL_TRUE=''
ENABLED_BENCHMARK_SELECT_FALSE='#'
ENABLED_BENCHMARK_SELECT_TRUE=''
ENABLED_BENCHMARK_SGLIB_ARRAYBINSEARCH_FALSE='#'
ENABLED_BENCHMARK_SGLIB_ARRAYBINSEARCH_TRUE=''
ENABLED_BENCHMARK_SGLIB_ARRAYHEAPSORT_FALSE='#'
ENABLED_BENCHMARK_SGLIB_ARRAYHEAPSORT_TRUE=''
ENABLED_BENCHMARK_SGLIB_ARRAYQUICKSORT_FALSE='#'
ENABLED_BENCHMARK_SGLIB_ARRAYQUICKSORT_TRUE=''
ENABLED_BENCHMARK_SGLIB_DLLIST_FALSE='#'
ENABLED_BENCHMARK_SGLIB_DLLIST_TRUE=''
ENABLED_BENCHMARK_SGLIB_HASHTABLE_FALSE='#'
ENABLED_BENCHMARK_SGLIB_HASHTABLE_TRUE=''
ENABLED_BENCHMARK_SGLIB_LISTINSERTSORT_FALSE='#'
ENABLED_BENCHMARK_SGLIB_LISTINSERTSORT_TRUE=''
ENABLED_BENCHMARK_SGLIB_LISTSORT_FALSE='#'
ENABLED_BENCHMARK_SGLIB_LISTSORT_TRUE=''
ENABLED_BENCHMARK_SGLIB_QUEUE_FALSE='#'
ENABLED_BENCHMARK_SGLIB_QUEUE_TRUE=''
ENABLED_BENCHMARK_SGLIB_RBTREE_FALSE='#'
ENABLED_BENCHMARK_SGLIB_RBTREE_TRUE=''
ENABLED_BENCHMARK_SLRE_FALSE='#'
ENABLED_BENCHMARK_SLRE_TRUE=''
ENABLED_BENCHMARK_SQRT_FALSE='#'
ENABLED_BENCHMARK_SQRT_TRUE=''
ENABLED_BENCHMARK_STATEMATE_FALSE='#'
ENABLED_BENCHMARK_STATEMATE_TRUE=''
ENABLED_BENCHMARK_STB_PERLIN_FALSE='#'
ENABLED_BENCHMARK_STB_PERLIN_TRUE=''
ENABLED_BENCHMARK_STRINGSEARCH1_FALSE='#'
ENABLED_BENCHMARK_STRINGSEARCH1_TRUE=''
ENABLED_BENCHMARK_STRSTR_FALSE='#'
ENABLED_BENCHMARK_STRSTR_TRUE=''
ENABLED_BENCHMARK_ST_FALSE='#'
ENABLED_BENCHMARK_ST_TRUE=''
ENABLED_BENCHMARK_TARAI_FALSE='#'
ENABLED_BENCHMARK_TARAI_TRUE=''
ENABLED_BENCHMARK_TEMPLATE_FALSE='#'
ENABLED_BENCHMARK_TEMPLATE_TRUE=''
ENABLED_BENCHMARK_TRIO_SNPRINTF_FALSE='#'
ENABLED_BENCHMARK_TRIO_SNPRINTF_TRUE=''
ENABLED_BENCHMARK_TRIO_SSCANF_FALSE='#'
ENABLED_BENCHMARK_TRIO_SSCANF_TRUE=''
ENABLED_BENCHMARK_UD_FALSE='#'
ENABLED_BENCHMARK_UD_TRUE=''
ENABLED_BENCHMARK_WHETSTONE_FALSE='#'
ENABLED_BENCHMARK_WHETSTONE_TRUE=''
ENABLED_BENCHMARK_WIKISORT_FALSE='#'
ENABLED_BENCHMARK_WIKISORT_TRUE=''
EXEEXT=''
FGREP='/bin/grep -F'
GREP='/bin/grep'
INSTALL_DATA='${INSTALL} -m 644'
INSTALL_PROGRAM='${INSTALL}'
INSTALL_SCRIPT='${INSTALL}'
INSTALL_STRIP_PROGRAM='$(install_sh) -c -s'
LD='/usr/bin/ld -m elf_x86_64'
LDFLAGS='    '
LIBOBJS=''
LIBS=''
LIBTOOL='$(SHELL) $(top_builddir)/libtool'
LIBTOOL_DEPS='./ltmain.sh'
LIPO=''
LN_S='ln -s'
LTLIBOBJS=''
LT_SYS_LIBRARY_PATH=''
MAINT='#'
MAINTAINER_MODE_FALSE=''
MAINTAINER_MODE_TRUE='#'
MAKEINFO='${SHELL} /home/dm282/beebs/missing makeinfo'
MANIFEST_TOOL=':'
MKDIR_P='/bin/mkdir -p'
NM='/usr/bin/nm -B'
NMEDIT=''
OBJDUMP='objdump'
OBJEXT='o'
OTOOL64=''
OTOOL=''
PACKAGE='beebs'
PACKAGE_BUGREPORT='beebs@mageec.org'
PACKAGE_NAME='beebs'
PACKAGE_STRING='beebs 3.0'
PACKAGE_TARNAME='beebs'
PACKAGE_URL=''
PACKAGE_VERSION='3.0'
PATH_SEPARATOR=':'
RANLIB='ranlib'
SED='/bin/sed'
SET_MAKE=''
SHELL='/bin/bash'
STRIP='strip'
VERSION='3.0'
ac_ct_AR='ar'
ac_ct_CC='gcc'
ac_ct_DUMPBIN=''
am__EXEEXT_FALSE=''
am__EXEEXT_TRUE='#'
am__fastdepCCAS_FALSE='#'
am__fastdepCCAS_TRUE=''
am__fastdepCC_FALSE='#'
am__fastdepCC_TRUE=''
am__include='include'
am__isrc=''
am__leading_dot='.'
am__nodep='_no'
am__quote=''
am__tar='$${TAR-tar} chof - "$$tardir"'
am__untar='$${TAR-tar} xf -'
bindir='${exec_prefix}/bin'
build='x86_64-unknown-linux-gnu'
build_alias=''
build_cpu='x86_64'
build_os='linux-gnu'
build_vendor='unknown'
datadir='${datarootdir}'
datarootdir='${prefix}/share'
docdir='${datarootdir}/doc/${PACKAGE_TARNAME}'
dvidir='${docdir}'
exec_prefix='${prefix}'
host='x86_64-unknown-linux-gnu'
host_alias=''
host_cpu='x86_64'
host_os='linux-gnu'
host_vendor='unknown'
htmldir='${docdir}'
includedir='${prefix}/include'
infodir='${datarootdir}/info'
install_sh='${SHELL} /home/dm282/beebs/install-sh'
libdir='${exec_prefix}/lib'
libexecdir='${exec_prefix}/libexec'
localedir='${datarootdir}/locale'
localstatedir='${prefix}/var'
mandir='${datarootdir}/man'
mkdir_p='$(MKDIR_P)'
oldincludedir='/usr/include'
pdfdir='${docdir}'
prefix='/usr/local'
program_transform_name='s,x,x,'
psdir='${docdir}'
sbindir='${exec_prefix}/sbin'
sharedstatedir='${prefix}/com'
sysconfdir='${prefix}/etc'
target='x86_64-unknown-linux-gnu'
target_alias=''
target_cpu='x86_64'
target_os='linux-gnu'
target_vendor='unknown'

## ----------- ##
## confdefs.h. ##
## ----------- ##

/* confdefs.h */
#define PACKAGE_NAME "beebs"
#define PACKAGE_TARNAME "beebs"
#define PACKAGE_VERSION "3.0"
#define PACKAGE_STRING "beebs 3.0"
#define PACKAGE_BUGREPORT "beebs@mageec.org"
#define PACKAGE_URL ""
#define PACKAGE "beebs"
#define VERSION "3.0"
#define HAVE_CHIPSUPPORT_H 1
#define STDC_HEADERS 1
#define HAVE_SYS_TYPES_H 1
#define HAVE_SYS_STAT_H 1
#define HAVE_STDLIB_H 1
#define HAVE_STRING_H 1
#define HAVE_MEMORY_H 1
#define HAVE_STRINGS_H 1
#define HAVE_INTTYPES_H 1
#define HAVE_STDINT_H 1
#define HAVE_UNISTD_H 1
#define HAVE_DLFCN_H 1
#define LT_OBJDIR ".libs/"

configure: exit 0
